{"/home/ryscott/hackreactor/FEC/src/components/Stars.jsx": {"path":"/home/ryscott/hackreactor/FEC/src/components/Stars.jsx","statementMap":{"0":{"start":{"line":4,"column":14},"end":{"line":22,"column":1}},"1":{"start":{"line":5,"column":22},"end":{"line":8,"column":3}},"2":{"start":{"line":6,"column":51},"end":{"line":6,"column":84}},"3":{"start":{"line":7,"column":4},"end":{"line":7,"column":66}},"4":{"start":{"line":10,"column":14},"end":{"line":10,"column":33}},"5":{"start":{"line":12,"column":17},"end":{"line":14,"column":3}},"6":{"start":{"line":16,"column":2},"end":{"line":21,"column":3}}},"fnMap":{"0":{"name":"(anonymous_0)","decl":{"start":{"line":4,"column":14},"end":{"line":4,"column":15}},"loc":{"start":{"line":4,"column":28},"end":{"line":22,"column":1}},"line":4},"1":{"name":"(anonymous_1)","decl":{"start":{"line":5,"column":22},"end":{"line":5,"column":23}},"loc":{"start":{"line":5,"column":34},"end":{"line":8,"column":3}},"line":5}},"branchMap":{},"s":{"0":2,"1":1,"2":1,"3":1,"4":1,"5":1,"6":1},"f":{"0":1,"1":1},"b":{},"_coverageSchema":"1a1c01bbd47fc00a2c39e90264f33305004495a9","hash":"a4cb60e64ba5e411888134a65b5bda142233c5eb"}
,"/home/ryscott/hackreactor/FEC/src/components/Overview/Gallery.jsx": {"path":"/home/ryscott/hackreactor/FEC/src/components/Overview/Gallery.jsx","statementMap":{"0":{"start":{"line":8,"column":16},"end":{"line":68,"column":1}},"1":{"start":{"line":9,"column":28},"end":{"line":9,"column":57}},"2":{"start":{"line":10,"column":31},"end":{"line":10,"column":46}},"3":{"start":{"line":12,"column":21},"end":{"line":39,"column":3}},"4":{"start":{"line":13,"column":17},"end":{"line":13,"column":19}},"5":{"start":{"line":15,"column":4},"end":{"line":36,"column":5}},"6":{"start":{"line":16,"column":19},"end":{"line":16,"column":43}},"7":{"start":{"line":17,"column":6},"end":{"line":35,"column":7}},"8":{"start":{"line":17,"column":19},"end":{"line":17,"column":20}},"9":{"start":{"line":18,"column":20},"end":{"line":18,"column":29}},"10":{"start":{"line":19,"column":25},"end":{"line":25,"column":11}},"11":{"start":{"line":20,"column":25},"end":{"line":20,"column":27}},"12":{"start":{"line":21,"column":10},"end":{"line":23,"column":11}},"13":{"start":{"line":22,"column":12},"end":{"line":22,"column":35}},"14":{"start":{"line":24,"column":10},"end":{"line":24,"column":89}},"15":{"start":{"line":27,"column":8},"end":{"line":34,"column":9}},"16":{"start":{"line":38,"column":4},"end":{"line":38,"column":18}},"17":{"start":{"line":41,"column":17},"end":{"line":49,"column":3}},"18":{"start":{"line":42,"column":16},"end":{"line":42,"column":54}},"19":{"start":{"line":44,"column":4},"end":{"line":47,"column":6}},"20":{"start":{"line":51,"column":20},"end":{"line":53,"column":3}},"21":{"start":{"line":52,"column":4},"end":{"line":52,"column":24}},"22":{"start":{"line":55,"column":2},"end":{"line":67,"column":3}},"23":{"start":{"line":57,"column":48},"end":{"line":57,"column":78}},"24":{"start":{"line":57,"column":62},"end":{"line":57,"column":77}}},"fnMap":{"0":{"name":"(anonymous_0)","decl":{"start":{"line":8,"column":16},"end":{"line":8,"column":17}},"loc":{"start":{"line":8,"column":27},"end":{"line":68,"column":1}},"line":8},"1":{"name":"(anonymous_1)","decl":{"start":{"line":12,"column":21},"end":{"line":12,"column":22}},"loc":{"start":{"line":12,"column":32},"end":{"line":39,"column":3}},"line":12},"2":{"name":"(anonymous_2)","decl":{"start":{"line":19,"column":25},"end":{"line":19,"column":26}},"loc":{"start":{"line":19,"column":36},"end":{"line":25,"column":9}},"line":19},"3":{"name":"(anonymous_3)","decl":{"start":{"line":41,"column":17},"end":{"line":41,"column":18}},"loc":{"start":{"line":41,"column":29},"end":{"line":49,"column":3}},"line":41},"4":{"name":"(anonymous_4)","decl":{"start":{"line":51,"column":20},"end":{"line":51,"column":21}},"loc":{"start":{"line":51,"column":31},"end":{"line":53,"column":3}},"line":51},"5":{"name":"(anonymous_5)","decl":{"start":{"line":57,"column":36},"end":{"line":57,"column":37}},"loc":{"start":{"line":57,"column":47},"end":{"line":57,"column":79}},"line":57}},"branchMap":{"0":{"loc":{"start":{"line":15,"column":4},"end":{"line":36,"column":5}},"type":"if","locations":[{"start":{"line":15,"column":4},"end":{"line":36,"column":5}},{"start":{},"end":{}}],"line":15},"1":{"loc":{"start":{"line":21,"column":10},"end":{"line":23,"column":11}},"type":"if","locations":[{"start":{"line":21,"column":10},"end":{"line":23,"column":11}},{"start":{},"end":{}}],"line":21},"2":{"loc":{"start":{"line":57,"column":48},"end":{"line":57,"column":78}},"type":"if","locations":[{"start":{"line":57,"column":48},"end":{"line":57,"column":78}},{"start":{},"end":{}}],"line":57}},"s":{"0":1,"1":1,"2":1,"3":1,"4":1,"5":1,"6":1,"7":1,"8":1,"9":6,"10":6,"11":6,"12":6,"13":1,"14":6,"15":6,"16":1,"17":1,"18":0,"19":0,"20":1,"21":0,"22":1,"23":1,"24":1},"f":{"0":1,"1":1,"2":6,"3":0,"4":0,"5":1},"b":{"0":[1,0],"1":[1,5],"2":[1,0]},"_coverageSchema":"1a1c01bbd47fc00a2c39e90264f33305004495a9","hash":"94cf266d52c10330ae2f023230fc605db1ce947a"}
,"/home/ryscott/hackreactor/FEC/src/components/Overview/Overview.jsx": {"path":"/home/ryscott/hackreactor/FEC/src/components/Overview/Overview.jsx","statementMap":{"0":{"start":{"line":13,"column":16},"end":{"line":13,"column":54}},"1":{"start":{"line":15,"column":17},"end":{"line":110,"column":1}},"2":{"start":{"line":16,"column":28},"end":{"line":34,"column":4}},"3":{"start":{"line":28,"column":6},"end":{"line":32,"column":7}},"4":{"start":{"line":29,"column":8},"end":{"line":29,"column":64}},"5":{"start":{"line":31,"column":8},"end":{"line":31,"column":18}},"6":{"start":{"line":36,"column":14},"end":{"line":36,"column":25}},"7":{"start":{"line":37,"column":15},"end":{"line":37,"column":27}},"8":{"start":{"line":39,"column":20},"end":{"line":55,"column":3}},"9":{"start":{"line":40,"column":4},"end":{"line":54,"column":5}},"10":{"start":{"line":41,"column":6},"end":{"line":41,"column":63}},"11":{"start":{"line":42,"column":6},"end":{"line":42,"column":49}},"12":{"start":{"line":43,"column":6},"end":{"line":46,"column":9}},"13":{"start":{"line":48,"column":6},"end":{"line":48,"column":65}},"14":{"start":{"line":49,"column":6},"end":{"line":49,"column":49}},"15":{"start":{"line":50,"column":6},"end":{"line":53,"column":9}},"16":{"start":{"line":57,"column":18},"end":{"line":59,"column":3}},"17":{"start":{"line":58,"column":4},"end":{"line":58,"column":63}},"18":{"start":{"line":61,"column":2},"end":{"line":61,"column":40}},"19":{"start":{"line":63,"column":2},"end":{"line":65,"column":22}},"20":{"start":{"line":64,"column":4},"end":{"line":64,"column":26}},"21":{"start":{"line":67,"column":2},"end":{"line":69,"column":3}},"22":{"start":{"line":68,"column":4},"end":{"line":68,"column":11}},"23":{"start":{"line":71,"column":2},"end":{"line":109,"column":3}}},"fnMap":{"0":{"name":"(anonymous_0)","decl":{"start":{"line":15,"column":17},"end":{"line":15,"column":18}},"loc":{"start":{"line":15,"column":28},"end":{"line":110,"column":1}},"line":15},"1":{"name":"(anonymous_1)","decl":{"start":{"line":27,"column":10},"end":{"line":27,"column":11}},"loc":{"start":{"line":27,"column":21},"end":{"line":33,"column":5}},"line":27},"2":{"name":"(anonymous_2)","decl":{"start":{"line":39,"column":20},"end":{"line":39,"column":21}},"loc":{"start":{"line":39,"column":31},"end":{"line":55,"column":3}},"line":39},"3":{"name":"(anonymous_3)","decl":{"start":{"line":57,"column":18},"end":{"line":57,"column":19}},"loc":{"start":{"line":57,"column":29},"end":{"line":59,"column":3}},"line":57},"4":{"name":"(anonymous_4)","decl":{"start":{"line":63,"column":12},"end":{"line":63,"column":13}},"loc":{"start":{"line":63,"column":23},"end":{"line":65,"column":3}},"line":63}},"branchMap":{"0":{"loc":{"start":{"line":28,"column":6},"end":{"line":32,"column":7}},"type":"if","locations":[{"start":{"line":28,"column":6},"end":{"line":32,"column":7}},{"start":{"line":30,"column":13},"end":{"line":32,"column":7}}],"line":28},"1":{"loc":{"start":{"line":40,"column":4},"end":{"line":54,"column":5}},"type":"if","locations":[{"start":{"line":40,"column":4},"end":{"line":54,"column":5}},{"start":{"line":47,"column":11},"end":{"line":54,"column":5}}],"line":40},"2":{"loc":{"start":{"line":67,"column":2},"end":{"line":69,"column":3}},"type":"if","locations":[{"start":{"line":67,"column":2},"end":{"line":69,"column":3}},{"start":{},"end":{}}],"line":67}},"s":{"0":1,"1":1,"2":3,"3":3,"4":0,"5":3,"6":3,"7":3,"8":3,"9":0,"10":0,"11":0,"12":0,"13":0,"14":0,"15":0,"16":3,"17":1,"18":3,"19":3,"20":1,"21":3,"22":2,"23":1},"f":{"0":3,"1":3,"2":0,"3":1,"4":1},"b":{"0":[0,3],"1":[0,0],"2":[2,1]},"_coverageSchema":"1a1c01bbd47fc00a2c39e90264f33305004495a9","hash":"0cd841ad17f9c806b56bcc98e9601362fd187300"}
,"/home/ryscott/hackreactor/FEC/src/components/Overview/OverviewInterface.jsx": {"path":"/home/ryscott/hackreactor/FEC/src/components/Overview/OverviewInterface.jsx","statementMap":{"0":{"start":{"line":11,"column":26},"end":{"line":203,"column":1}},"1":{"start":{"line":12,"column":28},"end":{"line":12,"column":57}},"2":{"start":{"line":13,"column":18},"end":{"line":13,"column":31}},"3":{"start":{"line":14,"column":17},"end":{"line":14,"column":29}},"4":{"start":{"line":15,"column":22},"end":{"line":15,"column":39}},"5":{"start":{"line":16,"column":14},"end":{"line":16,"column":23}},"6":{"start":{"line":18,"column":14},"end":{"line":18,"column":35}},"7":{"start":{"line":20,"column":2},"end":{"line":22,"column":3}},"8":{"start":{"line":21,"column":4},"end":{"line":21,"column":39}},"9":{"start":{"line":24,"column":21},"end":{"line":50,"column":3}},"10":{"start":{"line":25,"column":19},"end":{"line":25,"column":21}},"11":{"start":{"line":27,"column":4},"end":{"line":47,"column":5}},"12":{"start":{"line":28,"column":6},"end":{"line":46,"column":7}},"13":{"start":{"line":28,"column":19},"end":{"line":28,"column":20}},"14":{"start":{"line":29,"column":20},"end":{"line":29,"column":29}},"15":{"start":{"line":30,"column":25},"end":{"line":36,"column":11}},"16":{"start":{"line":31,"column":23},"end":{"line":31,"column":25}},"17":{"start":{"line":32,"column":10},"end":{"line":34,"column":11}},"18":{"start":{"line":33,"column":12},"end":{"line":33,"column":36}},"19":{"start":{"line":35,"column":10},"end":{"line":35,"column":41}},"20":{"start":{"line":38,"column":8},"end":{"line":45,"column":9}},"21":{"start":{"line":49,"column":4},"end":{"line":49,"column":20}},"22":{"start":{"line":52,"column":18},"end":{"line":90,"column":3}},"23":{"start":{"line":53,"column":18},"end":{"line":53,"column":20}},"24":{"start":{"line":55,"column":4},"end":{"line":87,"column":5}},"25":{"start":{"line":56,"column":6},"end":{"line":86,"column":7}},"26":{"start":{"line":57,"column":8},"end":{"line":57,"column":24}},"27":{"start":{"line":58,"column":8},"end":{"line":64,"column":9}},"28":{"start":{"line":59,"column":10},"end":{"line":59,"column":61}},"29":{"start":{"line":61,"column":10},"end":{"line":63,"column":11}},"30":{"start":{"line":61,"column":23},"end":{"line":61,"column":24}},"31":{"start":{"line":62,"column":12},"end":{"line":62,"column":70}},"32":{"start":{"line":66,"column":8},"end":{"line":68,"column":9}},"33":{"start":{"line":67,"column":10},"end":{"line":67,"column":89}},"34":{"start":{"line":70,"column":8},"end":{"line":85,"column":9}},"35":{"start":{"line":71,"column":22},"end":{"line":71,"column":41}},"36":{"start":{"line":73,"column":27},"end":{"line":80,"column":11}},"37":{"start":{"line":82,"column":10},"end":{"line":84,"column":11}},"38":{"start":{"line":83,"column":12},"end":{"line":83,"column":100}},"39":{"start":{"line":89,"column":4},"end":{"line":89,"column":19}},"40":{"start":{"line":92,"column":19},"end":{"line":107,"column":3}},"41":{"start":{"line":93,"column":4},"end":{"line":106,"column":5}},"42":{"start":{"line":94,"column":17},"end":{"line":94,"column":31}},"43":{"start":{"line":96,"column":6},"end":{"line":105,"column":7}},"44":{"start":{"line":97,"column":18},"end":{"line":97,"column":40}},"45":{"start":{"line":99,"column":8},"end":{"line":104,"column":9}},"46":{"start":{"line":100,"column":10},"end":{"line":103,"column":13}},"47":{"start":{"line":109,"column":19},"end":{"line":116,"column":3}},"48":{"start":{"line":110,"column":16},"end":{"line":110,"column":62}},"49":{"start":{"line":112,"column":4},"end":{"line":115,"column":6}},"50":{"start":{"line":118,"column":24},"end":{"line":121,"column":3}},"51":{"start":{"line":119,"column":4},"end":{"line":119,"column":23}},"52":{"start":{"line":120,"column":4},"end":{"line":120,"column":56}},"53":{"start":{"line":123,"column":17},"end":{"line":136,"column":3}},"54":{"start":{"line":124,"column":16},"end":{"line":124,"column":48}},"55":{"start":{"line":126,"column":4},"end":{"line":133,"column":5}},"56":{"start":{"line":127,"column":21},"end":{"line":127,"column":26}},"57":{"start":{"line":129,"column":6},"end":{"line":129,"column":43}},"58":{"start":{"line":130,"column":6},"end":{"line":132,"column":7}},"59":{"start":{"line":135,"column":4},"end":{"line":135,"column":23}},"60":{"start":{"line":138,"column":18},"end":{"line":159,"column":3}},"61":{"start":{"line":139,"column":12},"end":{"line":139,"column":29}},"62":{"start":{"line":140,"column":15},"end":{"line":140,"column":25}},"63":{"start":{"line":142,"column":19},"end":{"line":150,"column":5}},"64":{"start":{"line":152,"column":4},"end":{"line":152,"column":24}},"65":{"start":{"line":155,"column":4},"end":{"line":158,"column":6}},"66":{"start":{"line":161,"column":2},"end":{"line":163,"column":14}},"67":{"start":{"line":162,"column":4},"end":{"line":162,"column":26}},"68":{"start":{"line":165,"column":2},"end":{"line":167,"column":3}},"69":{"start":{"line":166,"column":4},"end":{"line":166,"column":11}},"70":{"start":{"line":169,"column":2},"end":{"line":202,"column":3}},"71":{"start":{"line":183,"column":54},"end":{"line":183,"column":118}},"72":{"start":{"line":183,"column":72},"end":{"line":183,"column":95}},"73":{"start":{"line":183,"column":103},"end":{"line":183,"column":117}}},"fnMap":{"0":{"name":"(anonymous_0)","decl":{"start":{"line":11,"column":26},"end":{"line":11,"column":27}},"loc":{"start":{"line":11,"column":37},"end":{"line":203,"column":1}},"line":11},"1":{"name":"(anonymous_1)","decl":{"start":{"line":24,"column":21},"end":{"line":24,"column":22}},"loc":{"start":{"line":24,"column":32},"end":{"line":50,"column":3}},"line":24},"2":{"name":"(anonymous_2)","decl":{"start":{"line":30,"column":25},"end":{"line":30,"column":26}},"loc":{"start":{"line":30,"column":36},"end":{"line":36,"column":9}},"line":30},"3":{"name":"(anonymous_3)","decl":{"start":{"line":52,"column":18},"end":{"line":52,"column":19}},"loc":{"start":{"line":52,"column":35},"end":{"line":90,"column":3}},"line":52},"4":{"name":"(anonymous_4)","decl":{"start":{"line":92,"column":19},"end":{"line":92,"column":20}},"loc":{"start":{"line":92,"column":31},"end":{"line":107,"column":3}},"line":92},"5":{"name":"(anonymous_5)","decl":{"start":{"line":109,"column":19},"end":{"line":109,"column":20}},"loc":{"start":{"line":109,"column":31},"end":{"line":116,"column":3}},"line":109},"6":{"name":"(anonymous_6)","decl":{"start":{"line":118,"column":24},"end":{"line":118,"column":25}},"loc":{"start":{"line":118,"column":36},"end":{"line":121,"column":3}},"line":118},"7":{"name":"(anonymous_7)","decl":{"start":{"line":123,"column":17},"end":{"line":123,"column":18}},"loc":{"start":{"line":123,"column":28},"end":{"line":136,"column":3}},"line":123},"8":{"name":"(anonymous_8)","decl":{"start":{"line":138,"column":18},"end":{"line":138,"column":19}},"loc":{"start":{"line":138,"column":29},"end":{"line":159,"column":3}},"line":138},"9":{"name":"(anonymous_9)","decl":{"start":{"line":161,"column":12},"end":{"line":161,"column":13}},"loc":{"start":{"line":161,"column":23},"end":{"line":163,"column":3}},"line":161},"10":{"name":"(anonymous_10)","decl":{"start":{"line":183,"column":42},"end":{"line":183,"column":43}},"loc":{"start":{"line":183,"column":53},"end":{"line":183,"column":119}},"line":183}},"branchMap":{"0":{"loc":{"start":{"line":20,"column":2},"end":{"line":22,"column":3}},"type":"if","locations":[{"start":{"line":20,"column":2},"end":{"line":22,"column":3}},{"start":{},"end":{}}],"line":20},"1":{"loc":{"start":{"line":27,"column":4},"end":{"line":47,"column":5}},"type":"if","locations":[{"start":{"line":27,"column":4},"end":{"line":47,"column":5}},{"start":{},"end":{}}],"line":27},"2":{"loc":{"start":{"line":32,"column":10},"end":{"line":34,"column":11}},"type":"if","locations":[{"start":{"line":32,"column":10},"end":{"line":34,"column":11}},{"start":{},"end":{}}],"line":32},"3":{"loc":{"start":{"line":55,"column":4},"end":{"line":87,"column":5}},"type":"if","locations":[{"start":{"line":55,"column":4},"end":{"line":87,"column":5}},{"start":{},"end":{}}],"line":55},"4":{"loc":{"start":{"line":56,"column":6},"end":{"line":86,"column":7}},"type":"if","locations":[{"start":{"line":56,"column":6},"end":{"line":86,"column":7}},{"start":{"line":65,"column":13},"end":{"line":86,"column":7}}],"line":56},"5":{"loc":{"start":{"line":58,"column":8},"end":{"line":64,"column":9}},"type":"if","locations":[{"start":{"line":58,"column":8},"end":{"line":64,"column":9}},{"start":{"line":60,"column":15},"end":{"line":64,"column":9}}],"line":58},"6":{"loc":{"start":{"line":61,"column":26},"end":{"line":61,"column":54}},"type":"binary-expr","locations":[{"start":{"line":61,"column":26},"end":{"line":61,"column":43}},{"start":{"line":61,"column":47},"end":{"line":61,"column":54}}],"line":61},"7":{"loc":{"start":{"line":66,"column":8},"end":{"line":68,"column":9}},"type":"if","locations":[{"start":{"line":66,"column":8},"end":{"line":68,"column":9}},{"start":{},"end":{}}],"line":66},"8":{"loc":{"start":{"line":82,"column":10},"end":{"line":84,"column":11}},"type":"if","locations":[{"start":{"line":82,"column":10},"end":{"line":84,"column":11}},{"start":{},"end":{}}],"line":82},"9":{"loc":{"start":{"line":93,"column":4},"end":{"line":106,"column":5}},"type":"if","locations":[{"start":{"line":93,"column":4},"end":{"line":106,"column":5}},{"start":{},"end":{}}],"line":93},"10":{"loc":{"start":{"line":99,"column":8},"end":{"line":104,"column":9}},"type":"if","locations":[{"start":{"line":99,"column":8},"end":{"line":104,"column":9}},{"start":{},"end":{}}],"line":99},"11":{"loc":{"start":{"line":126,"column":4},"end":{"line":133,"column":5}},"type":"if","locations":[{"start":{"line":126,"column":4},"end":{"line":133,"column":5}},{"start":{},"end":{}}],"line":126},"12":{"loc":{"start":{"line":146,"column":16},"end":{"line":146,"column":48}},"type":"binary-expr","locations":[{"start":{"line":146,"column":16},"end":{"line":146,"column":28}},{"start":{"line":146,"column":32},"end":{"line":146,"column":48}}],"line":146},"13":{"loc":{"start":{"line":165,"column":2},"end":{"line":167,"column":3}},"type":"if","locations":[{"start":{"line":165,"column":2},"end":{"line":167,"column":3}},{"start":{},"end":{}}],"line":165},"14":{"loc":{"start":{"line":183,"column":54},"end":{"line":183,"column":118}},"type":"if","locations":[{"start":{"line":183,"column":54},"end":{"line":183,"column":118}},{"start":{"line":183,"column":102},"end":{"line":183,"column":118}}],"line":183}},"s":{"0":2,"1":3,"2":2,"3":2,"4":2,"5":2,"6":2,"7":2,"8":1,"9":2,"10":1,"11":1,"12":1,"13":1,"14":6,"15":6,"16":6,"17":6,"18":1,"19":6,"20":6,"21":1,"22":2,"23":2,"24":2,"25":2,"26":1,"27":1,"28":1,"29":0,"30":0,"31":0,"32":1,"33":1,"34":1,"35":6,"36":6,"37":6,"38":6,"39":2,"40":2,"41":0,"42":0,"43":0,"44":0,"45":0,"46":0,"47":2,"48":0,"49":0,"50":2,"51":0,"52":0,"53":2,"54":1,"55":1,"56":0,"57":0,"58":0,"59":1,"60":2,"61":0,"62":0,"63":0,"64":0,"65":0,"66":2,"67":2,"68":2,"69":1,"70":1,"71":1,"72":1,"73":0},"f":{"0":3,"1":1,"2":6,"3":2,"4":0,"5":0,"6":0,"7":1,"8":0,"9":2,"10":1},"b":{"0":[1,1],"1":[1,0],"2":[1,5],"3":[2,0],"4":[1,1],"5":[1,0],"6":[0,0],"7":[1,0],"8":[6,0],"9":[0,0],"10":[0,0],"11":[0,1],"12":[0,0],"13":[1,1],"14":[1,0]},"_coverageSchema":"1a1c01bbd47fc00a2c39e90264f33305004495a9","hash":"6b47c1effca13124c356634190466b0ef9a93ed3"}
,"/home/ryscott/hackreactor/FEC/src/components/Overview/helpers.jsx": {"path":"/home/ryscott/hackreactor/FEC/src/components/Overview/helpers.jsx","statementMap":{"0":{"start":{"line":3,"column":16},"end":{"line":3,"column":54}},"1":{"start":{"line":5,"column":23},"end":{"line":19,"column":1}},"2":{"start":{"line":6,"column":12},"end":{"line":6,"column":54}},"3":{"start":{"line":8,"column":2},"end":{"line":18,"column":7}},"4":{"start":{"line":10,"column":19},"end":{"line":10,"column":40}},"5":{"start":{"line":12,"column":6},"end":{"line":16,"column":8}},"6":{"start":{"line":17,"column":6},"end":{"line":17,"column":35}},"7":{"start":{"line":21,"column":18},"end":{"line":29,"column":1}},"8":{"start":{"line":22,"column":2},"end":{"line":26,"column":3}},"9":{"start":{"line":23,"column":17},"end":{"line":23,"column":41}},"10":{"start":{"line":24,"column":12},"end":{"line":24,"column":31}},"11":{"start":{"line":25,"column":4},"end":{"line":25,"column":25}},"12":{"start":{"line":28,"column":2},"end":{"line":28,"column":129}},"13":{"start":{"line":31,"column":14},"end":{"line":34,"column":1}}},"fnMap":{"0":{"name":"(anonymous_0)","decl":{"start":{"line":5,"column":23},"end":{"line":5,"column":24}},"loc":{"start":{"line":5,"column":53},"end":{"line":19,"column":1}},"line":5},"1":{"name":"(anonymous_1)","decl":{"start":{"line":9,"column":10},"end":{"line":9,"column":11}},"loc":{"start":{"line":9,"column":22},"end":{"line":18,"column":5}},"line":9},"2":{"name":"(anonymous_2)","decl":{"start":{"line":21,"column":18},"end":{"line":21,"column":19}},"loc":{"start":{"line":21,"column":34},"end":{"line":29,"column":1}},"line":21}},"branchMap":{"0":{"loc":{"start":{"line":22,"column":2},"end":{"line":26,"column":3}},"type":"if","locations":[{"start":{"line":22,"column":2},"end":{"line":26,"column":3}},{"start":{},"end":{}}],"line":22}},"s":{"0":1,"1":1,"2":1,"3":1,"4":1,"5":1,"6":1,"7":1,"8":2,"9":2,"10":2,"11":2,"12":0,"13":1},"f":{"0":1,"1":1,"2":2},"b":{"0":[2,0]},"_coverageSchema":"1a1c01bbd47fc00a2c39e90264f33305004495a9","hash":"acaf5a058f23773513cd9b4a6cc171950e712271"}
,"/home/ryscott/hackreactor/FEC/src/components/styles/stars.css": {"path":"/home/ryscott/hackreactor/FEC/src/components/styles/stars.css","statementMap":{"0":{"start":{"line":1,"column":13},"end":{"line":1,"column":88}},"1":{"start":{"line":3,"column":4},"end":{"line":24,"column":5}},"2":{"start":{"line":4,"column":8},"end":{"line":6,"column":11}},"3":{"start":{"line":7,"column":8},"end":{"line":18,"column":11}},"4":{"start":{"line":9,"column":16},"end":{"line":11,"column":17}},"5":{"start":{"line":10,"column":20},"end":{"line":10,"column":34}},"6":{"start":{"line":12,"column":16},"end":{"line":12,"column":36}},"7":{"start":{"line":16,"column":16},"end":{"line":16,"column":30}},"8":{"start":{"line":20,"column":8},"end":{"line":22,"column":11}},"9":{"start":{"line":23,"column":8},"end":{"line":23,"column":31}}},"fnMap":{"0":{"name":"(anonymous_0)","decl":{"start":{"line":8,"column":12},"end":{"line":8,"column":13}},"loc":{"start":{"line":8,"column":30},"end":{"line":13,"column":13}},"line":8},"1":{"name":"(anonymous_1)","decl":{"start":{"line":15,"column":12},"end":{"line":15,"column":13}},"loc":{"start":{"line":15,"column":29},"end":{"line":17,"column":13}},"line":15}},"branchMap":{"0":{"loc":{"start":{"line":3,"column":4},"end":{"line":24,"column":5}},"type":"if","locations":[{"start":{"line":3,"column":4},"end":{"line":24,"column":5}},{"start":{"line":19,"column":11},"end":{"line":24,"column":5}}],"line":3},"1":{"loc":{"start":{"line":3,"column":8},"end":{"line":3,"column":44}},"type":"binary-expr","locations":[{"start":{"line":3,"column":8},"end":{"line":3,"column":34}},{"start":{"line":3,"column":38},"end":{"line":3,"column":44}}],"line":3},"2":{"loc":{"start":{"line":9,"column":16},"end":{"line":11,"column":17}},"type":"if","locations":[{"start":{"line":9,"column":16},"end":{"line":11,"column":17}},{"start":{},"end":{}}],"line":9}},"s":{"0":2,"1":2,"2":2,"3":2,"4":0,"5":0,"6":0,"7":0,"8":0,"9":0},"f":{"0":0,"1":0},"b":{"0":[2,0],"1":[2,2],"2":[0,0]},"_coverageSchema":"1a1c01bbd47fc00a2c39e90264f33305004495a9","hash":"d343da713400cde61feffb28ddf3beaaef3db57e"}
,"/home/ryscott/hackreactor/FEC/src/components/styles/style.css": {"path":"/home/ryscott/hackreactor/FEC/src/components/styles/style.css","statementMap":{"0":{"start":{"line":1,"column":13},"end":{"line":1,"column":220}},"1":{"start":{"line":3,"column":4},"end":{"line":24,"column":5}},"2":{"start":{"line":4,"column":8},"end":{"line":6,"column":11}},"3":{"start":{"line":7,"column":8},"end":{"line":18,"column":11}},"4":{"start":{"line":9,"column":16},"end":{"line":11,"column":17}},"5":{"start":{"line":10,"column":20},"end":{"line":10,"column":34}},"6":{"start":{"line":12,"column":16},"end":{"line":12,"column":36}},"7":{"start":{"line":16,"column":16},"end":{"line":16,"column":30}},"8":{"start":{"line":20,"column":8},"end":{"line":22,"column":11}},"9":{"start":{"line":23,"column":8},"end":{"line":23,"column":31}}},"fnMap":{"0":{"name":"(anonymous_0)","decl":{"start":{"line":8,"column":12},"end":{"line":8,"column":13}},"loc":{"start":{"line":8,"column":30},"end":{"line":13,"column":13}},"line":8},"1":{"name":"(anonymous_1)","decl":{"start":{"line":15,"column":12},"end":{"line":15,"column":13}},"loc":{"start":{"line":15,"column":29},"end":{"line":17,"column":13}},"line":15}},"branchMap":{"0":{"loc":{"start":{"line":3,"column":4},"end":{"line":24,"column":5}},"type":"if","locations":[{"start":{"line":3,"column":4},"end":{"line":24,"column":5}},{"start":{"line":19,"column":11},"end":{"line":24,"column":5}}],"line":3},"1":{"loc":{"start":{"line":3,"column":8},"end":{"line":3,"column":44}},"type":"binary-expr","locations":[{"start":{"line":3,"column":8},"end":{"line":3,"column":34}},{"start":{"line":3,"column":38},"end":{"line":3,"column":44}}],"line":3},"2":{"loc":{"start":{"line":9,"column":16},"end":{"line":11,"column":17}},"type":"if","locations":[{"start":{"line":9,"column":16},"end":{"line":11,"column":17}},{"start":{},"end":{}}],"line":9}},"s":{"0":2,"1":2,"2":2,"3":2,"4":0,"5":0,"6":0,"7":0,"8":0,"9":0},"f":{"0":0,"1":0},"b":{"0":[2,0],"1":[2,2],"2":[0,0]},"_coverageSchema":"1a1c01bbd47fc00a2c39e90264f33305004495a9","hash":"4950aea6855d99dfd0dc9704e2dbe4baa099fe7c"}
,"/home/ryscott/hackreactor/FEC/src/components/styles/Overview/gallery.css": {"path":"/home/ryscott/hackreactor/FEC/src/components/styles/Overview/gallery.css","statementMap":{"0":{"start":{"line":1,"column":13},"end":{"line":1,"column":238}},"1":{"start":{"line":3,"column":4},"end":{"line":24,"column":5}},"2":{"start":{"line":4,"column":8},"end":{"line":6,"column":11}},"3":{"start":{"line":7,"column":8},"end":{"line":18,"column":11}},"4":{"start":{"line":9,"column":16},"end":{"line":11,"column":17}},"5":{"start":{"line":10,"column":20},"end":{"line":10,"column":34}},"6":{"start":{"line":12,"column":16},"end":{"line":12,"column":36}},"7":{"start":{"line":16,"column":16},"end":{"line":16,"column":30}},"8":{"start":{"line":20,"column":8},"end":{"line":22,"column":11}},"9":{"start":{"line":23,"column":8},"end":{"line":23,"column":31}}},"fnMap":{"0":{"name":"(anonymous_0)","decl":{"start":{"line":8,"column":12},"end":{"line":8,"column":13}},"loc":{"start":{"line":8,"column":30},"end":{"line":13,"column":13}},"line":8},"1":{"name":"(anonymous_1)","decl":{"start":{"line":15,"column":12},"end":{"line":15,"column":13}},"loc":{"start":{"line":15,"column":29},"end":{"line":17,"column":13}},"line":15}},"branchMap":{"0":{"loc":{"start":{"line":3,"column":4},"end":{"line":24,"column":5}},"type":"if","locations":[{"start":{"line":3,"column":4},"end":{"line":24,"column":5}},{"start":{"line":19,"column":11},"end":{"line":24,"column":5}}],"line":3},"1":{"loc":{"start":{"line":3,"column":8},"end":{"line":3,"column":44}},"type":"binary-expr","locations":[{"start":{"line":3,"column":8},"end":{"line":3,"column":34}},{"start":{"line":3,"column":38},"end":{"line":3,"column":44}}],"line":3},"2":{"loc":{"start":{"line":9,"column":16},"end":{"line":11,"column":17}},"type":"if","locations":[{"start":{"line":9,"column":16},"end":{"line":11,"column":17}},{"start":{},"end":{}}],"line":9}},"s":{"0":1,"1":1,"2":1,"3":1,"4":0,"5":0,"6":0,"7":0,"8":0,"9":0},"f":{"0":0,"1":0},"b":{"0":[1,0],"1":[1,1],"2":[0,0]},"_coverageSchema":"1a1c01bbd47fc00a2c39e90264f33305004495a9","hash":"c6fb4da853c27a99aa4ac34208784c88a844ca94"}
,"/home/ryscott/hackreactor/FEC/src/components/styles/Overview/interface.css": {"path":"/home/ryscott/hackreactor/FEC/src/components/styles/Overview/interface.css","statementMap":{"0":{"start":{"line":1,"column":13},"end":{"line":1,"column":352}},"1":{"start":{"line":3,"column":4},"end":{"line":24,"column":5}},"2":{"start":{"line":4,"column":8},"end":{"line":6,"column":11}},"3":{"start":{"line":7,"column":8},"end":{"line":18,"column":11}},"4":{"start":{"line":9,"column":16},"end":{"line":11,"column":17}},"5":{"start":{"line":10,"column":20},"end":{"line":10,"column":34}},"6":{"start":{"line":12,"column":16},"end":{"line":12,"column":36}},"7":{"start":{"line":16,"column":16},"end":{"line":16,"column":30}},"8":{"start":{"line":20,"column":8},"end":{"line":22,"column":11}},"9":{"start":{"line":23,"column":8},"end":{"line":23,"column":31}}},"fnMap":{"0":{"name":"(anonymous_0)","decl":{"start":{"line":8,"column":12},"end":{"line":8,"column":13}},"loc":{"start":{"line":8,"column":30},"end":{"line":13,"column":13}},"line":8},"1":{"name":"(anonymous_1)","decl":{"start":{"line":15,"column":12},"end":{"line":15,"column":13}},"loc":{"start":{"line":15,"column":29},"end":{"line":17,"column":13}},"line":15}},"branchMap":{"0":{"loc":{"start":{"line":3,"column":4},"end":{"line":24,"column":5}},"type":"if","locations":[{"start":{"line":3,"column":4},"end":{"line":24,"column":5}},{"start":{"line":19,"column":11},"end":{"line":24,"column":5}}],"line":3},"1":{"loc":{"start":{"line":3,"column":8},"end":{"line":3,"column":44}},"type":"binary-expr","locations":[{"start":{"line":3,"column":8},"end":{"line":3,"column":34}},{"start":{"line":3,"column":38},"end":{"line":3,"column":44}}],"line":3},"2":{"loc":{"start":{"line":9,"column":16},"end":{"line":11,"column":17}},"type":"if","locations":[{"start":{"line":9,"column":16},"end":{"line":11,"column":17}},{"start":{},"end":{}}],"line":9}},"s":{"0":2,"1":2,"2":2,"3":2,"4":0,"5":0,"6":0,"7":0,"8":0,"9":0},"f":{"0":0,"1":0},"b":{"0":[2,0],"1":[2,2],"2":[0,0]},"_coverageSchema":"1a1c01bbd47fc00a2c39e90264f33305004495a9","hash":"1670b3a3a2949ba1adf2b76f9a6c49ea8d0c59ef"}
,"/home/ryscott/hackreactor/FEC/src/components/styles/Overview/over.css": {"path":"/home/ryscott/hackreactor/FEC/src/components/styles/Overview/over.css","statementMap":{"0":{"start":{"line":1,"column":13},"end":{"line":1,"column":312}},"1":{"start":{"line":3,"column":4},"end":{"line":24,"column":5}},"2":{"start":{"line":4,"column":8},"end":{"line":6,"column":11}},"3":{"start":{"line":7,"column":8},"end":{"line":18,"column":11}},"4":{"start":{"line":9,"column":16},"end":{"line":11,"column":17}},"5":{"start":{"line":10,"column":20},"end":{"line":10,"column":34}},"6":{"start":{"line":12,"column":16},"end":{"line":12,"column":36}},"7":{"start":{"line":16,"column":16},"end":{"line":16,"column":30}},"8":{"start":{"line":20,"column":8},"end":{"line":22,"column":11}},"9":{"start":{"line":23,"column":8},"end":{"line":23,"column":31}}},"fnMap":{"0":{"name":"(anonymous_0)","decl":{"start":{"line":8,"column":12},"end":{"line":8,"column":13}},"loc":{"start":{"line":8,"column":30},"end":{"line":13,"column":13}},"line":8},"1":{"name":"(anonymous_1)","decl":{"start":{"line":15,"column":12},"end":{"line":15,"column":13}},"loc":{"start":{"line":15,"column":29},"end":{"line":17,"column":13}},"line":15}},"branchMap":{"0":{"loc":{"start":{"line":3,"column":4},"end":{"line":24,"column":5}},"type":"if","locations":[{"start":{"line":3,"column":4},"end":{"line":24,"column":5}},{"start":{"line":19,"column":11},"end":{"line":24,"column":5}}],"line":3},"1":{"loc":{"start":{"line":3,"column":8},"end":{"line":3,"column":44}},"type":"binary-expr","locations":[{"start":{"line":3,"column":8},"end":{"line":3,"column":34}},{"start":{"line":3,"column":38},"end":{"line":3,"column":44}}],"line":3},"2":{"loc":{"start":{"line":9,"column":16},"end":{"line":11,"column":17}},"type":"if","locations":[{"start":{"line":9,"column":16},"end":{"line":11,"column":17}},{"start":{},"end":{}}],"line":9}},"s":{"0":2,"1":2,"2":2,"3":2,"4":0,"5":0,"6":0,"7":0,"8":0,"9":0},"f":{"0":0,"1":0},"b":{"0":[2,0],"1":[2,2],"2":[0,0]},"_coverageSchema":"1a1c01bbd47fc00a2c39e90264f33305004495a9","hash":"c99af169c3ed82dcc32816f8d2f617f76c94865b"}
}
