TN:
SF:src/components/Stars.jsx
FN:4,(anonymous_0)
FN:5,(anonymous_1)
FNF:2
FNH:0
FNDA:0,(anonymous_0)
FNDA:0,(anonymous_1)
DA:4,1
DA:5,0
DA:6,0
DA:7,0
DA:10,0
DA:12,0
DA:16,0
LF:7
LH:1
BRF:0
BRH:0
end_of_record
TN:
SF:src/components/interaction.js
FN:4,(anonymous_0)
FNF:1
FNH:0
FNDA:0,(anonymous_0)
DA:4,1
DA:5,0
DA:6,0
DA:7,0
DA:8,0
DA:15,0
LF:6
LH:1
BRF:0
BRH:0
end_of_record
TN:
SF:src/components/Overview/Gallery.jsx
FN:8,(anonymous_0)
FN:12,(anonymous_1)
FN:19,(anonymous_2)
FN:41,(anonymous_3)
FN:51,(anonymous_4)
FN:57,(anonymous_5)
FNF:6
FNH:0
FNDA:0,(anonymous_0)
FNDA:0,(anonymous_1)
FNDA:0,(anonymous_2)
FNDA:0,(anonymous_3)
FNDA:0,(anonymous_4)
FNDA:0,(anonymous_5)
DA:8,1
DA:9,0
DA:10,0
DA:12,0
DA:13,0
DA:15,0
DA:16,0
DA:17,0
DA:18,0
DA:19,0
DA:20,0
DA:21,0
DA:22,0
DA:24,0
DA:27,0
DA:38,0
DA:41,0
DA:42,0
DA:44,0
DA:51,0
DA:52,0
DA:55,0
DA:57,0
LF:23
LH:1
BRDA:15,0,0,0
BRDA:15,0,1,0
BRDA:21,1,0,0
BRDA:21,1,1,0
BRDA:57,2,0,0
BRDA:57,2,1,0
BRF:6
BRH:0
end_of_record
TN:
SF:src/components/Overview/Overview.jsx
FN:15,(anonymous_0)
FN:26,(anonymous_1)
FN:38,(anonymous_2)
FN:52,(anonymous_3)
FNF:4
FNH:3
FNDA:1,(anonymous_0)
FNDA:1,(anonymous_1)
FNDA:0,(anonymous_2)
FNDA:1,(anonymous_3)
DA:13,1
DA:15,1
DA:16,1
DA:27,1
DA:28,0
DA:30,1
DA:35,1
DA:36,1
DA:38,1
DA:39,0
DA:40,0
DA:45,0
DA:52,1
DA:53,1
DA:56,1
DA:58,1
DA:59,1
DA:62,0
LF:18
LH:13
BRDA:27,0,0,0
BRDA:27,0,1,1
BRDA:39,1,0,0
BRDA:39,1,1,0
BRDA:58,2,0,1
BRDA:58,2,1,0
BRF:6
BRH:2
end_of_record
TN:
SF:src/components/Overview/OverviewInterface.jsx
FN:11,(anonymous_0)
FN:24,(anonymous_1)
FN:30,(anonymous_2)
FN:52,(anonymous_3)
FN:92,(anonymous_4)
FN:109,(anonymous_5)
FN:118,(anonymous_6)
FN:123,(anonymous_7)
FN:138,(anonymous_8)
FN:175,(anonymous_9)
FNF:10
FNH:0
FNDA:0,(anonymous_0)
FNDA:0,(anonymous_1)
FNDA:0,(anonymous_2)
FNDA:0,(anonymous_3)
FNDA:0,(anonymous_4)
FNDA:0,(anonymous_5)
FNDA:0,(anonymous_6)
FNDA:0,(anonymous_7)
FNDA:0,(anonymous_8)
FNDA:0,(anonymous_9)
DA:11,1
DA:12,0
DA:13,0
DA:14,0
DA:15,0
DA:16,0
DA:18,0
DA:20,0
DA:21,0
DA:24,0
DA:25,0
DA:27,0
DA:28,0
DA:29,0
DA:30,0
DA:31,0
DA:32,0
DA:33,0
DA:35,0
DA:38,0
DA:49,0
DA:52,0
DA:53,0
DA:55,0
DA:56,0
DA:57,0
DA:58,0
DA:59,0
DA:61,0
DA:62,0
DA:66,0
DA:67,0
DA:70,0
DA:71,0
DA:73,0
DA:82,0
DA:83,0
DA:89,0
DA:92,0
DA:93,0
DA:94,0
DA:96,0
DA:97,0
DA:99,0
DA:100,0
DA:109,0
DA:110,0
DA:112,0
DA:118,0
DA:119,0
DA:120,0
DA:123,0
DA:124,0
DA:126,0
DA:127,0
DA:129,0
DA:130,0
DA:135,0
DA:138,0
DA:139,0
DA:140,0
DA:142,0
DA:152,0
DA:155,0
DA:161,0
DA:175,0
LF:66
LH:1
BRDA:20,0,0,0
BRDA:20,0,1,0
BRDA:27,1,0,0
BRDA:27,1,1,0
BRDA:32,2,0,0
BRDA:32,2,1,0
BRDA:55,3,0,0
BRDA:55,3,1,0
BRDA:56,4,0,0
BRDA:56,4,1,0
BRDA:58,5,0,0
BRDA:58,5,1,0
BRDA:61,6,0,0
BRDA:61,6,1,0
BRDA:66,7,0,0
BRDA:66,7,1,0
BRDA:82,8,0,0
BRDA:82,8,1,0
BRDA:93,9,0,0
BRDA:93,9,1,0
BRDA:99,10,0,0
BRDA:99,10,1,0
BRDA:126,11,0,0
BRDA:126,11,1,0
BRDA:146,12,0,0
BRDA:146,12,1,0
BRDA:175,13,0,0
BRDA:175,13,1,0
BRF:28
BRH:0
end_of_record
TN:
SF:src/components/Overview/helpers.jsx
FN:5,(anonymous_0)
FN:9,(anonymous_1)
FN:21,(anonymous_2)
FNF:3
FNH:1
FNDA:1,(anonymous_0)
FNDA:0,(anonymous_1)
FNDA:0,(anonymous_2)
DA:3,1
DA:5,1
DA:6,1
DA:8,1
DA:10,0
DA:12,0
DA:17,0
DA:21,1
DA:22,0
DA:23,0
DA:24,0
DA:25,0
DA:28,0
DA:31,1
LF:14
LH:6
BRDA:22,0,0,0
BRDA:22,0,1,0
BRF:2
BRH:0
end_of_record
TN:
SF:src/components/Question/Accordion.jsx
FN:16,(anonymous_0)
FN:39,(anonymous_1)
FN:41,(anonymous_2)
FN:52,(anonymous_3)
FN:54,(anonymous_4)
FN:58,(anonymous_5)
FN:62,(anonymous_6)
FN:72,(anonymous_7)
FN:83,(anonymous_8)
FNF:9
FNH:2
FNDA:8,(anonymous_0)
FNDA:4,(anonymous_1)
FNDA:0,(anonymous_2)
FNDA:0,(anonymous_3)
FNDA:0,(anonymous_4)
FNDA:0,(anonymous_5)
FNDA:0,(anonymous_6)
FNDA:0,(anonymous_7)
FNDA:0,(anonymous_8)
DA:16,1
DA:17,8
DA:18,4
DA:19,4
DA:24,4
DA:25,4
DA:26,4
DA:27,4
DA:32,4
DA:33,4
DA:34,4
DA:39,4
DA:40,4
DA:42,0
DA:43,0
DA:44,0
DA:45,0
DA:48,4
DA:52,4
DA:53,0
DA:54,0
DA:55,0
DA:58,4
DA:59,0
DA:60,0
DA:61,0
DA:62,0
DA:64,0
DA:65,0
DA:69,4
DA:72,0
DA:84,0
LF:32
LH:17
BRDA:60,0,0,0
BRDA:60,0,1,0
BRDA:75,1,0,0
BRDA:75,1,1,4
BRDA:82,2,0,4
BRDA:82,2,1,0
BRDA:87,3,0,0
BRDA:87,3,1,0
BRF:8
BRH:2
end_of_record
TN:
SF:src/components/Question/AddQ.jsx
FN:6,(anonymous_0)
FN:9,(anonymous_1)
FNF:2
FNH:2
FNDA:4,(anonymous_0)
FNDA:1,(anonymous_1)
DA:6,1
DA:7,4
DA:9,4
DA:10,1
DA:11,1
DA:14,4
LF:6
LH:6
BRDA:17,0,0,4
BRDA:17,0,1,1
BRF:2
BRH:2
end_of_record
TN:
SF:src/components/Question/Answer.jsx
FN:10,(anonymous_0)
FN:22,(anonymous_1)
FN:24,(anonymous_2)
FN:28,(anonymous_3)
FN:33,(anonymous_4)
FN:58,(anonymous_5)
FNF:6
FNH:4
FNDA:2,(anonymous_0)
FNDA:1,(anonymous_1)
FNDA:1,(anonymous_2)
FNDA:0,(anonymous_3)
FNDA:0,(anonymous_4)
FNDA:2,(anonymous_5)
DA:10,1
DA:12,2
DA:13,2
DA:16,2
DA:17,2
DA:20,2
DA:22,2
DA:23,1
DA:24,1
DA:25,1
DA:28,2
DA:29,0
DA:30,0
DA:33,2
DA:34,0
DA:35,0
DA:38,2
DA:59,2
LF:18
LH:14
BRDA:50,0,0,2
BRDA:50,0,1,0
BRDA:61,1,0,2
BRDA:61,1,1,0
BRF:4
BRH:2
end_of_record
TN:
SF:src/components/Question/MoreBtn.jsx
FN:5,(anonymous_0)
FN:9,(anonymous_1)
FN:12,(anonymous_2)
FNF:3
FNH:2
FNDA:3,(anonymous_0)
FNDA:1,(anonymous_1)
FNDA:0,(anonymous_2)
DA:5,1
DA:6,3
DA:7,2
DA:9,1
DA:10,1
DA:12,1
DA:13,0
DA:14,0
DA:16,0
DA:20,1
LF:10
LH:7
BRDA:6,0,0,2
BRDA:6,0,1,1
BRDA:13,1,0,0
BRDA:13,1,1,0
BRF:4
BRH:2
end_of_record
TN:
SF:src/components/Question/QA.jsx
FN:17,(anonymous_0)
FN:37,(anonymous_1)
FN:39,(anonymous_2)
FN:51,(anonymous_3)
FNF:4
FNH:2
FNDA:3,(anonymous_0)
FNDA:2,(anonymous_1)
FNDA:0,(anonymous_2)
FNDA:0,(anonymous_3)
DA:17,1
DA:18,3
DA:19,1
DA:22,2
DA:23,2
DA:24,2
DA:25,2
DA:29,2
DA:30,2
DA:31,2
DA:37,2
DA:38,2
DA:40,0
DA:41,0
DA:42,0
DA:43,0
DA:44,0
DA:47,2
DA:50,2
DA:51,0
LF:20
LH:14
BRDA:18,0,0,1
BRDA:18,0,1,2
BRF:2
BRH:2
end_of_record
TN:
SF:src/components/Question/QuestionList.jsx
FN:5,(anonymous_0)
FN:9,(anonymous_1)
FNF:2
FNH:2
FNDA:7,(anonymous_0)
FNDA:2,(anonymous_1)
DA:5,1
DA:6,7
DA:10,2
LF:3
LH:3
BRF:0
BRH:0
end_of_record
TN:
SF:src/components/Question/Search.jsx
FN:4,(anonymous_0)
FN:7,(anonymous_1)
FN:9,(anonymous_2)
FNF:3
FNH:1
FNDA:3,(anonymous_0)
FNDA:0,(anonymous_1)
FNDA:0,(anonymous_2)
DA:4,1
DA:7,3
DA:8,0
DA:9,0
DA:10,0
DA:13,0
DA:18,3
LF:7
LH:3
BRDA:8,0,0,0
BRDA:8,0,1,0
BRF:2
BRH:0
end_of_record
TN:
SF:src/components/Question/Forms/AForm.jsx
FN:9,(anonymous_0)
FN:48,(anonymous_1)
FN:56,(anonymous_2)
FN:62,(anonymous_3)
FN:88,(anonymous_4)
FN:96,(anonymous_5)
FNF:6
FNH:3
FNDA:1,(anonymous_0)
FNDA:0,(anonymous_1)
FNDA:0,(anonymous_2)
FNDA:0,(anonymous_3)
FNDA:2,(anonymous_4)
FNDA:1,(anonymous_5)
DA:9,1
DA:11,1
DA:13,1
DA:19,1
DA:41,1
DA:48,1
DA:49,0
DA:50,0
DA:55,0
DA:57,0
DA:58,0
DA:62,1
DA:63,0
DA:64,0
DA:77,1
DA:89,2
DA:97,1
LF:17
LH:10
BRF:0
BRH:0
end_of_record
TN:
SF:src/components/Question/Forms/Finput.jsx
FN:4,(anonymous_0)
FN:9,(anonymous_1)
FNF:2
FNH:1
FNDA:4,(anonymous_0)
FNDA:0,(anonymous_1)
DA:4,1
DA:6,4
DA:7,4
DA:9,4
DA:10,0
DA:13,4
LF:6
LH:5
BRF:0
BRH:0
end_of_record
TN:
SF:src/components/Question/Forms/Ftextarea.jsx
FN:4,(anonymous_0)
FNF:1
FNH:1
FNDA:2,(anonymous_0)
DA:4,1
DA:5,2
DA:7,2
LF:3
LH:3
BRF:0
BRH:0
end_of_record
TN:
SF:src/components/Question/Forms/QForm.jsx
FN:7,(anonymous_0)
FN:46,(anonymous_1)
FN:57,(anonymous_2)
FN:60,(anonymous_3)
FN:65,(anonymous_4)
FN:90,(anonymous_5)
FN:98,(anonymous_6)
FNF:7
FNH:3
FNDA:1,(anonymous_0)
FNDA:0,(anonymous_1)
FNDA:0,(anonymous_2)
FNDA:0,(anonymous_3)
FNDA:0,(anonymous_4)
FNDA:2,(anonymous_5)
FNDA:1,(anonymous_6)
DA:7,1
DA:9,1
DA:11,1
DA:17,1
DA:39,1
DA:46,1
DA:47,0
DA:48,0
DA:49,0
DA:56,0
DA:58,0
DA:61,0
DA:65,1
DA:66,0
DA:67,0
DA:80,1
DA:91,2
DA:99,1
LF:18
LH:10
BRF:0
BRH:0
end_of_record
TN:
SF:src/components/Question/Modals/AnswerModal.jsx
FN:5,(anonymous_0)
FN:7,(anonymous_1)
FNF:2
FNH:1
FNDA:1,(anonymous_0)
FNDA:0,(anonymous_1)
DA:5,1
DA:7,1
DA:8,0
DA:9,0
DA:12,1
LF:5
LH:3
BRF:0
BRH:0
end_of_record
TN:
SF:src/components/Question/Modals/QuestionModal.jsx
FN:5,(anonymous_0)
FN:7,(anonymous_1)
FNF:2
FNH:1
FNDA:1,(anonymous_0)
FNDA:0,(anonymous_1)
DA:5,1
DA:7,1
DA:8,0
DA:9,0
DA:12,1
LF:5
LH:3
BRF:0
BRH:0
end_of_record
TN:
SF:src/components/Question/lib/sortAnswers.js
FN:1,(anonymous_0)
FN:4,(anonymous_1)
FN:12,(anonymous_2)
FN:15,(anonymous_3)
FNF:4
FNH:3
FNDA:2,(anonymous_0)
FNDA:4,(anonymous_1)
FNDA:2,(anonymous_2)
FNDA:0,(anonymous_3)
DA:1,1
DA:2,2
DA:3,2
DA:4,2
DA:5,4
DA:6,4
DA:8,0
DA:12,2
DA:13,2
DA:15,2
DA:16,0
DA:19,2
DA:20,2
LF:13
LH:11
BRDA:5,0,0,4
BRDA:5,0,1,0
BRF:2
BRH:1
end_of_record
TN:
SF:src/components/Question/lib/sortQuestions.js
FN:1,(anonymous_0)
FN:2,(anonymous_1)
FNF:2
FNH:2
FNDA:2,(anonymous_0)
FNDA:2,(anonymous_1)
DA:1,1
DA:2,2
DA:3,2
LF:3
LH:3
BRF:0
BRH:0
end_of_record
TN:
SF:src/components/styles/stars.css
FN:8,(anonymous_0)
FN:15,(anonymous_1)
FNF:2
FNH:0
FNDA:0,(anonymous_0)
FNDA:0,(anonymous_1)
DA:1,1
DA:3,1
DA:4,1
DA:7,1
DA:9,0
DA:10,0
DA:12,0
DA:16,0
DA:20,0
DA:23,0
LF:10
LH:4
BRDA:3,0,0,1
BRDA:3,0,1,0
BRDA:3,1,0,1
BRDA:3,1,1,1
BRDA:9,2,0,0
BRDA:9,2,1,0
BRF:6
BRH:3
end_of_record
TN:
SF:src/components/styles/style.css
FN:8,(anonymous_0)
FN:15,(anonymous_1)
FNF:2
FNH:0
FNDA:0,(anonymous_0)
FNDA:0,(anonymous_1)
DA:1,1
DA:3,1
DA:4,1
DA:7,1
DA:9,0
DA:10,0
DA:12,0
DA:16,0
DA:20,0
DA:23,0
LF:10
LH:4
BRDA:3,0,0,1
BRDA:3,0,1,0
BRDA:3,1,0,1
BRDA:3,1,1,1
BRDA:9,2,0,0
BRDA:9,2,1,0
BRF:6
BRH:3
end_of_record
TN:
SF:src/components/styles/Overview/gallery.css
FN:8,(anonymous_0)
FN:15,(anonymous_1)
FNF:2
FNH:0
FNDA:0,(anonymous_0)
FNDA:0,(anonymous_1)
DA:1,1
DA:3,1
DA:4,1
DA:7,1
DA:9,0
DA:10,0
DA:12,0
DA:16,0
DA:20,0
DA:23,0
LF:10
LH:4
BRDA:3,0,0,1
BRDA:3,0,1,0
BRDA:3,1,0,1
BRDA:3,1,1,1
BRDA:9,2,0,0
BRDA:9,2,1,0
BRF:6
BRH:3
end_of_record
TN:
SF:src/components/styles/Overview/interface.css
FN:8,(anonymous_0)
FN:15,(anonymous_1)
FNF:2
FNH:0
FNDA:0,(anonymous_0)
FNDA:0,(anonymous_1)
DA:1,1
DA:3,1
DA:4,1
DA:7,1
DA:9,0
DA:10,0
DA:12,0
DA:16,0
DA:20,0
DA:23,0
LF:10
LH:4
BRDA:3,0,0,1
BRDA:3,0,1,0
BRDA:3,1,0,1
BRDA:3,1,1,1
BRDA:9,2,0,0
BRDA:9,2,1,0
BRF:6
BRH:3
end_of_record
TN:
SF:src/components/styles/Overview/over.css
FN:8,(anonymous_0)
FN:15,(anonymous_1)
FNF:2
FNH:0
FNDA:0,(anonymous_0)
FNDA:0,(anonymous_1)
DA:1,1
DA:3,1
DA:4,1
DA:7,1
DA:9,0
DA:10,0
DA:12,0
DA:16,0
DA:20,0
DA:23,0
LF:10
LH:4
BRDA:3,0,0,1
BRDA:3,0,1,0
BRDA:3,1,0,1
BRDA:3,1,1,1
BRDA:9,2,0,0
BRDA:9,2,1,0
BRF:6
BRH:3
end_of_record
TN:
SF:src/components/styles/Question/accordion.css
FN:8,(anonymous_0)
FN:15,(anonymous_1)
FNF:2
FNH:0
FNDA:0,(anonymous_0)
FNDA:0,(anonymous_1)
DA:1,1
DA:3,1
DA:4,1
DA:7,1
DA:9,0
DA:10,0
DA:12,0
DA:16,0
DA:20,0
DA:23,0
LF:10
LH:4
BRDA:3,0,0,1
BRDA:3,0,1,0
BRDA:3,1,0,1
BRDA:3,1,1,1
BRDA:9,2,0,0
BRDA:9,2,1,0
BRF:6
BRH:3
end_of_record
TN:
SF:src/components/styles/Question/addexpand.css
FN:8,(anonymous_0)
FN:15,(anonymous_1)
FNF:2
FNH:0
FNDA:0,(anonymous_0)
FNDA:0,(anonymous_1)
DA:1,1
DA:3,1
DA:4,1
DA:7,1
DA:9,0
DA:10,0
DA:12,0
DA:16,0
DA:20,0
DA:23,0
LF:10
LH:4
BRDA:3,0,0,1
BRDA:3,0,1,0
BRDA:3,1,0,1
BRDA:3,1,1,1
BRDA:9,2,0,0
BRDA:9,2,1,0
BRF:6
BRH:3
end_of_record
TN:
SF:src/components/styles/Question/formInput.css
FN:8,(anonymous_0)
FN:15,(anonymous_1)
FNF:2
FNH:0
FNDA:0,(anonymous_0)
FNDA:0,(anonymous_1)
DA:1,1
DA:3,1
DA:4,1
DA:7,1
DA:9,0
DA:10,0
DA:12,0
DA:16,0
DA:20,0
DA:23,0
LF:10
LH:4
BRDA:3,0,0,1
BRDA:3,0,1,0
BRDA:3,1,0,1
BRDA:3,1,1,1
BRDA:9,2,0,0
BRDA:9,2,1,0
BRF:6
BRH:3
end_of_record
TN:
SF:src/components/styles/Question/main.css
FN:8,(anonymous_0)
FN:15,(anonymous_1)
FNF:2
FNH:0
FNDA:0,(anonymous_0)
FNDA:0,(anonymous_1)
DA:1,1
DA:3,1
DA:4,1
DA:7,1
DA:9,0
DA:10,0
DA:12,0
DA:16,0
DA:20,0
DA:23,0
LF:10
LH:4
BRDA:3,0,0,1
BRDA:3,0,1,0
BRDA:3,1,0,1
BRDA:3,1,1,1
BRDA:9,2,0,0
BRDA:9,2,1,0
BRF:6
BRH:3
end_of_record
TN:
SF:src/components/styles/Question/modal.css
FN:8,(anonymous_0)
FN:15,(anonymous_1)
FNF:2
FNH:0
FNDA:0,(anonymous_0)
FNDA:0,(anonymous_1)
DA:1,1
DA:3,1
DA:4,1
DA:7,1
DA:9,0
DA:10,0
DA:12,0
DA:16,0
DA:20,0
DA:23,0
LF:10
LH:4
BRDA:3,0,0,1
BRDA:3,0,1,0
BRDA:3,1,0,1
BRDA:3,1,1,1
BRDA:9,2,0,0
BRDA:9,2,1,0
BRF:6
BRH:3
end_of_record
TN:
SF:src/components/styles/Question/search.css
FN:8,(anonymous_0)
FN:15,(anonymous_1)
FNF:2
FNH:0
FNDA:0,(anonymous_0)
FNDA:0,(anonymous_1)
DA:1,1
DA:3,1
DA:4,1
DA:7,1
DA:9,0
DA:10,0
DA:12,0
DA:16,0
DA:20,0
DA:23,0
LF:10
LH:4
BRDA:3,0,0,1
BRDA:3,0,1,0
BRDA:3,1,0,1
BRDA:3,1,1,1
BRDA:9,2,0,0
BRDA:9,2,1,0
BRF:6
BRH:3
end_of_record
